Using pre-set license
2021-05-21 14:49:22.266 Unity[6471:189951] isPrefsCreateCacheFromEnabledAndDefaultInputSources - can't find anything from GetInputSourceEnabledPrefs, use defaultASCIIKeyLayoutDict = <CFBasicHash 0x7fbed3c92da0 [0x7fffac0f38f0]>{type = immutable dict, count = 3,
entries =>
	0 : <CFString 0x7fffabec2268 [0x7fffac0f38f0]>{contents = "InputSourceKind"} = <CFString 0x7fffabec2c28 [0x7fffac0f38f0]>{contents = "Keyboard Layout"}
	1 : <CFString 0x7fffabec2c68 [0x7fffac0f38f0]>{contents = "KeyboardLayout Name"} = British
	2 : <CFString 0x7fffabec2c48 [0x7fffac0f38f0]>{contents = "KeyboardLayout ID"} = <CFNumber 0x2c656229e13af15d [0x7fffac0f38f0]>{value = +2, type = kCFNumberSInt32Type}
}

 COMMAND LINE ARGUMENTS:
/Applications/Unity/Unity.app/Contents/MacOS/Unity
-adb2
-batchMode
-noUpm
-name
AssetImportWorker3
-projectPath
/Users/evan.white/Desktop/2DGame/2D Game
-logFile
Logs/AssetImportWorker3.log
-srvPort
50604
Successfully changed project path to: /Users/evan.white/Desktop/2DGame/2D Game
/Users/evan.white/Desktop/2DGame/2D Game
Using Asset Import Pipeline V2.
Refreshing native plugins compatible for Editor in 263.53 ms, found 2 plugins.
Preloading 0 native plugins for Editor in 0.00 ms.
Initialize engine version: 2021.1.7f1 (d91830b65d9b)
[Subsystems] Discovering subsystems at path /Applications/Unity/Unity.app/Contents/Resources/UnitySubsystems
[Subsystems] Discovering subsystems at path /Users/evan.white/Desktop/2DGame/2D Game/Assets
GfxDevice: creating device client; threaded=0; jobified=0
2021-05-21 14:49:23.039 Unity[6471:189951] iMac preferred device: Intel(R) Iris(TM) Plus Graphics 640 (low power)
2021-05-21 14:49:23.039 Unity[6471:189951] Metal devices available: 1
2021-05-21 14:49:23.039 Unity[6471:189951] 0: Intel(R) Iris(TM) Plus Graphics 640 (low power)
2021-05-21 14:49:23.040 Unity[6471:189951] Using device Intel(R) Iris(TM) Plus Graphics 640 (low power)
Initializing Metal device caps: Intel(R) Iris(TM) Plus Graphics 640
Initialize mono
Mono path[0] = '/Applications/Unity/Unity.app/Contents/Managed'
Mono path[1] = '/Applications/Unity/Unity.app/Contents/MonoBleedingEdge/lib/mono/unityjit'
Mono config path = '/Applications/Unity/Unity.app/Contents/MonoBleedingEdge/etc'
Using monoOptions --debugger-agent=transport=dt_socket,embedding=1,server=y,suspend=n,address=127.0.0.1:56471
Begin MonoManager ReloadAssembly
Registering precompiled unity dll's ...
Register platform support module: /Applications/Unity/Unity.app/Contents/PlaybackEngines/MacStandaloneSupport/UnityEditor.OSXStandalone.Extensions.dll
Registered in 0.000356 seconds.
Native extension for OSXStandalone target not found
Refreshing native plugins compatible for Editor in 101.37 ms, found 2 plugins.
Preloading 0 native plugins for Editor in 0.00 ms.
Mono: successfully reloaded assembly
- Completed reload, in  2.505 seconds
Platform modules already initialized, skipping
Registering precompiled user dll's ...
Registered in 0.001469 seconds.
