Using pre-set license
2021-05-21 14:49:50.906 Unity[6477:190359] isPrefsCreateCacheFromEnabledAndDefaultInputSources - can't find anything from GetInputSourceEnabledPrefs, use defaultASCIIKeyLayoutDict = <CFBasicHash 0x7fa5a6c97730 [0x7fffac0f38f0]>{type = immutable dict, count = 3,
entries =>
	0 : <CFString 0x7fffabec2268 [0x7fffac0f38f0]>{contents = "InputSourceKind"} = <CFString 0x7fffabec2c28 [0x7fffac0f38f0]>{contents = "Keyboard Layout"}
	1 : <CFString 0x7fffabec2c68 [0x7fffac0f38f0]>{contents = "KeyboardLayout Name"} = British
	2 : <CFString 0x7fffabec2c48 [0x7fffac0f38f0]>{contents = "KeyboardLayout ID"} = <CFNumber 0x4f24fe656851ee97 [0x7fffac0f38f0]>{value = +2, type = kCFNumberSInt32Type}
}

 COMMAND LINE ARGUMENTS:
/Applications/Unity/Unity.app/Contents/MacOS/Unity
-adb2
-batchMode
-noUpm
-name
AssetImportWorker4
-projectPath
/Users/evan.white/Desktop/2DGame/2D Game
-logFile
Logs/AssetImportWorker4.log
-srvPort
50604
Successfully changed project path to: /Users/evan.white/Desktop/2DGame/2D Game
/Users/evan.white/Desktop/2DGame/2D Game
Using Asset Import Pipeline V2.
Refreshing native plugins compatible for Editor in 99.74 ms, found 2 plugins.
Preloading 0 native plugins for Editor in 0.00 ms.
Initialize engine version: 2021.1.7f1 (d91830b65d9b)
[Subsystems] Discovering subsystems at path /Applications/Unity/Unity.app/Contents/Resources/UnitySubsystems
[Subsystems] Discovering subsystems at path /Users/evan.white/Desktop/2DGame/2D Game/Assets
GfxDevice: creating device client; threaded=0; jobified=0
2021-05-21 14:49:51.177 Unity[6477:190359] iMac preferred device: Intel(R) Iris(TM) Plus Graphics 640 (low power)
2021-05-21 14:49:51.177 Unity[6477:190359] Metal devices available: 1
2021-05-21 14:49:51.177 Unity[6477:190359] 0: Intel(R) Iris(TM) Plus Graphics 640 (low power)
2021-05-21 14:49:51.178 Unity[6477:190359] Using device Intel(R) Iris(TM) Plus Graphics 640 (low power)
Initializing Metal device caps: Intel(R) Iris(TM) Plus Graphics 640
Initialize mono
Mono path[0] = '/Applications/Unity/Unity.app/Contents/Managed'
Mono path[1] = '/Applications/Unity/Unity.app/Contents/MonoBleedingEdge/lib/mono/unityjit'
Mono config path = '/Applications/Unity/Unity.app/Contents/MonoBleedingEdge/etc'
Using monoOptions --debugger-agent=transport=dt_socket,embedding=1,server=y,suspend=n,address=127.0.0.1:56477
Begin MonoManager ReloadAssembly
Registering precompiled unity dll's ...
Register platform support module: /Applications/Unity/Unity.app/Contents/PlaybackEngines/MacStandaloneSupport/UnityEditor.OSXStandalone.Extensions.dll
Registered in 0.000398 seconds.
Native extension for OSXStandalone target not found
Refreshing native plugins compatible for Editor in 99.24 ms, found 2 plugins.
Preloading 0 native plugins for Editor in 0.00 ms.
Mono: successfully reloaded assembly
- Completed reload, in  2.398 seconds
Platform modules already initialized, skipping
Registering precompiled user dll's ...
Registered in 0.001450 seconds.
Begin MonoManager ReloadAssembly
Symbol file LoadedFromMemory doesn't match image /Users/evan.white/Desktop/2DGame/2D Game/Library/PackageCache/com.unity.visualscripting@1.6.1/Editor/VisualScripting.Core/Dependencies/YamlDotNet/Unity.VisualScripting.YamlDotNet.dll
Symbol file LoadedFromMemory doesn't match image /Users/evan.white/Desktop/2DGame/2D Game/Library/PackageCache/com.unity.visualscripting@1.6.1/Editor/VisualScripting.Core/Dependencies/DotNetZip/Unity.VisualScripting.IonicZip.dll
Native extension for OSXStandalone target not found
Refreshing native plugins compatible for Editor in 109.16 ms, found 2 plugins.
Preloading 0 native plugins for Editor in 0.00 ms.
Mono: successfully reloaded assembly
- Completed reload, in  2.527 seconds
Platform modules already initialized, skipping
========================================================================
Worker process is ready to serve import requests
Launching external process: /Applications/Unity/Unity.app/Contents/Tools/UnityShaderCompiler
Launched and connected shader compiler UnityShaderCompiler after 0.13 seconds
Refreshing native plugins compatible for Editor in 0.61 ms, found 2 plugins.
Preloading 0 native plugins for Editor in 0.00 ms.
Unloading 3372 Unused Serialized files (Serialized files now loaded: 0)
System memory in use before: 200.5 MB.
System memory in use after: 200.6 MB.

Unloading 28 unused Assets to reduce memory usage. Loaded Objects now: 3825.
Total: 2.705156 ms (FindLiveObjects: 0.300250 ms CreateObjectMapping: 0.158437 ms MarkObjects: 2.128735 ms  DeleteObjects: 0.116812 ms)

========================================================================
Received Import Request.
  path: Assets/CharacterMovement.cs
  artifactKey: Guid(a936736c229ab40179c69d844c14aef4) Importer(815301076,1909f56bfc062723c751e8b465ee728b)
Start importing Assets/CharacterMovement.cs using Guid(a936736c229ab40179c69d844c14aef4) Importer(815301076,1909f56bfc062723c751e8b465ee728b)  -> (artifact id: '3c43276add723372d9ff151951b910ac') in 0.798429 seconds 
========================================================================
Received Import Request.
  Time since last request: 798.159060 seconds.
  path: Assets/CharacterMovement.cs
  artifactKey: Guid(a936736c229ab40179c69d844c14aef4) Importer(815301076,1909f56bfc062723c751e8b465ee728b)
Start importing Assets/CharacterMovement.cs using Guid(a936736c229ab40179c69d844c14aef4) Importer(815301076,1909f56bfc062723c751e8b465ee728b)  -> (artifact id: '5813f92c304e06471237ca2cbf668f07') in 0.117033 seconds 
