Using pre-set license
2021-05-21 14:34:08.232 Unity[6088:152220] isPrefsCreateCacheFromEnabledAndDefaultInputSources - can't find anything from GetInputSourceEnabledPrefs, use defaultASCIIKeyLayoutDict = <CFBasicHash 0x7f9b43c31950 [0x7fffac0f38f0]>{type = immutable dict, count = 3,
entries =>
	0 : <CFString 0x7fffabec2268 [0x7fffac0f38f0]>{contents = "InputSourceKind"} = <CFString 0x7fffabec2c28 [0x7fffac0f38f0]>{contents = "Keyboard Layout"}
	1 : <CFString 0x7fffabec2c68 [0x7fffac0f38f0]>{contents = "KeyboardLayout Name"} = British
	2 : <CFString 0x7fffabec2c48 [0x7fffac0f38f0]>{contents = "KeyboardLayout ID"} = <CFNumber 0x44988ae61e1c593f [0x7fffac0f38f0]>{value = +2, type = kCFNumberSInt32Type}
}

 COMMAND LINE ARGUMENTS:
/Applications/Unity/Unity.app/Contents/MacOS/Unity
-adb2
-batchMode
-noUpm
-name
AssetImportWorker1
-projectPath
/Users/evan.white/Desktop/2DGame/2D Game
-logFile
Logs/AssetImportWorker1.log
-srvPort
50493
Successfully changed project path to: /Users/evan.white/Desktop/2DGame/2D Game
/Users/evan.white/Desktop/2DGame/2D Game
Using Asset Import Pipeline V2.
Refreshing native plugins compatible for Editor in 112.95 ms, found 2 plugins.
Preloading 0 native plugins for Editor in 0.00 ms.
Initialize engine version: 2021.1.7f1 (d91830b65d9b)
[Subsystems] Discovering subsystems at path /Applications/Unity/Unity.app/Contents/Resources/UnitySubsystems
[Subsystems] Discovering subsystems at path /Users/evan.white/Desktop/2DGame/2D Game/Assets
GfxDevice: creating device client; threaded=0; jobified=0
2021-05-21 14:34:08.415 Unity[6088:152220] iMac preferred device: Intel(R) Iris(TM) Plus Graphics 640 (low power)
2021-05-21 14:34:08.415 Unity[6088:152220] Metal devices available: 1
2021-05-21 14:34:08.415 Unity[6088:152220] 0: Intel(R) Iris(TM) Plus Graphics 640 (low power)
2021-05-21 14:34:08.417 Unity[6088:152220] Using device Intel(R) Iris(TM) Plus Graphics 640 (low power)
Initializing Metal device caps: Intel(R) Iris(TM) Plus Graphics 640
Initialize mono
Mono path[0] = '/Applications/Unity/Unity.app/Contents/Managed'
Mono path[1] = '/Applications/Unity/Unity.app/Contents/MonoBleedingEdge/lib/mono/unityjit'
Mono config path = '/Applications/Unity/Unity.app/Contents/MonoBleedingEdge/etc'
Using monoOptions --debugger-agent=transport=dt_socket,embedding=1,server=y,suspend=n,address=127.0.0.1:56088
Begin MonoManager ReloadAssembly
Registering precompiled unity dll's ...
Register platform support module: /Applications/Unity/Unity.app/Contents/PlaybackEngines/MacStandaloneSupport/UnityEditor.OSXStandalone.Extensions.dll
Registered in 0.000522 seconds.
Native extension for OSXStandalone target not found
Refreshing native plugins compatible for Editor in 164.05 ms, found 2 plugins.
Preloading 0 native plugins for Editor in 0.00 ms.
Mono: successfully reloaded assembly
- Completed reload, in  2.990 seconds
Platform modules already initialized, skipping
Registering precompiled user dll's ...
Registered in 0.002257 seconds.
Begin MonoManager ReloadAssembly
Symbol file LoadedFromMemory doesn't match image /Users/evan.white/Desktop/2DGame/2D Game/Library/PackageCache/com.unity.visualscripting@1.6.1/Editor/VisualScripting.Core/Dependencies/YamlDotNet/Unity.VisualScripting.YamlDotNet.dll
Symbol file LoadedFromMemory doesn't match image /Users/evan.white/Desktop/2DGame/2D Game/Library/PackageCache/com.unity.visualscripting@1.6.1/Editor/VisualScripting.Core/Dependencies/DotNetZip/Unity.VisualScripting.IonicZip.dll
Native extension for OSXStandalone target not found
Refreshing native plugins compatible for Editor in 114.02 ms, found 2 plugins.
Preloading 0 native plugins for Editor in 0.00 ms.
Mono: successfully reloaded assembly
- Completed reload, in  2.685 seconds
Platform modules already initialized, skipping
========================================================================
Worker process is ready to serve import requests
Launching external process: /Applications/Unity/Unity.app/Contents/Tools/UnityShaderCompiler
Launched and connected shader compiler UnityShaderCompiler after 0.07 seconds
Refreshing native plugins compatible for Editor in 0.60 ms, found 2 plugins.
Preloading 0 native plugins for Editor in 0.00 ms.
Unloading 3371 Unused Serialized files (Serialized files now loaded: 0)
System memory in use before: 200.2 MB.
System memory in use after: 200.3 MB.

Unloading 28 unused Assets to reduce memory usage. Loaded Objects now: 3824.
Total: 2.563768 ms (FindLiveObjects: 0.282813 ms CreateObjectMapping: 0.171635 ms MarkObjects: 1.992524 ms  DeleteObjects: 0.113791 ms)

========================================================================
Received Import Request.
  path: Assets/Scenes
  artifactKey: Guid(2fea6a8bd6c73084197614a271b0486a) Importer(815301076,1909f56bfc062723c751e8b465ee728b)
Start importing Assets/Scenes using Guid(2fea6a8bd6c73084197614a271b0486a) Importer(815301076,1909f56bfc062723c751e8b465ee728b)  -> (artifact id: '905fbbd34df63468fdd338319b95f35a') in 0.022320 seconds 
========================================================================
Received Import Request.
  Time since last request: 121.698381 seconds.
  path: Packages/com.unity.2d.spriteshape/Editor/ObjectMenuCreation/DefaultAssets/Sprite Shapes/Closed Sprite Shape.prefab
  artifactKey: Guid(c0583b4e855c74b8c82e7b9b5efb5ce9) Importer(815301076,1909f56bfc062723c751e8b465ee728b)
Start importing Packages/com.unity.2d.spriteshape/Editor/ObjectMenuCreation/DefaultAssets/Sprite Shapes/Closed Sprite Shape.prefab using Guid(c0583b4e855c74b8c82e7b9b5efb5ce9) Importer(815301076,1909f56bfc062723c751e8b465ee728b)  -> (artifact id: '224dcf8af930b56afe774afd5bc52eb2') in 1.001814 seconds 
========================================================================
Received Import Request.
  Time since last request: 0.000277 seconds.
  path: Packages/com.unity.2d.spriteshape/Editor/ObjectMenuCreation/DefaultAssets/Sprite Shapes/Open Sprite Shape.prefab
  artifactKey: Guid(86ae7de409eb54f619fb1328e4d42480) Importer(815301076,1909f56bfc062723c751e8b465ee728b)
Start importing Packages/com.unity.2d.spriteshape/Editor/ObjectMenuCreation/DefaultAssets/Sprite Shapes/Open Sprite Shape.prefab using Guid(86ae7de409eb54f619fb1328e4d42480) Importer(815301076,1909f56bfc062723c751e8b465ee728b)  -> (artifact id: 'b8d26290c9ad5ec76566a53b7859f1ae') in 0.004735 seconds 
========================================================================
Received Import Request.
  Time since last request: 0.000229 seconds.
  path: Assets/TilePallets/New Palette.prefab
  artifactKey: Guid(fe1940291f8034255aadf96c1b342108) Importer(815301076,1909f56bfc062723c751e8b465ee728b)
Start importing Assets/TilePallets/New Palette.prefab using Guid(fe1940291f8034255aadf96c1b342108) Importer(815301076,1909f56bfc062723c751e8b465ee728b)  -> (artifact id: 'fcf1f0e6c92e70bf7364861b76da98de') in 0.025025 seconds 
========================================================================
Received Import Request.
  Time since last request: 13.631388 seconds.
  path: Packages/com.unity.2d.sprite/package.json
  artifactKey: Guid(7dc5f1e5d04ac8549ac21802071e983b) Importer(815301076,1909f56bfc062723c751e8b465ee728b)
Start importing Packages/com.unity.2d.sprite/package.json using Guid(7dc5f1e5d04ac8549ac21802071e983b) Importer(815301076,1909f56bfc062723c751e8b465ee728b)  -> (artifact id: 'ff87128bdf6981a9843158b29f26b2df') in 0.509967 seconds 
AssetImportWorkerClient::OnTransportError - code=2 error=End of file
